<?xml version="1.0" encoding="UTF-8"?>
<!-- Generated by org.testng.reporters.JUnitReportReporter -->
<testsuite hostname="Mrunal" failures="0" tests="1" name="com.bridgelabz.qa.keyworddriven.Logintest" time="20.736" errors="0" timestamp="2023-02-20T20:05:39 IST" skipped="0">
  <testcase classname="com.bridgelabz.qa.keyworddriven.Logintest" name="loginTest" time="20.736"/>
  <system-out/>
</testsuite> <!-- com.bridgelabz.qa.keyworddriven.Logintest -->
